<?xml version="1.0" encoding="UTF-8"?>
<!-- Generated by org.testng.reporters.JUnitReportReporter -->
<testsuite hostname="LAPTOP-2GPD92DT" failures="0" tests="2" name="com.destacame.RunCucumberTest" time="37.899" errors="0" timestamp="2023-01-27T00:59:27 ART" skipped="0">
  <testcase classname="com.destacame.RunCucumberTest" name="runScenario" time="15.958"/>
  <system-out/>
  <testcase classname="com.destacame.RunCucumberTest" name="runScenario" time="21.941"/>
  <system-out/>
</testsuite> <!-- com.destacame.RunCucumberTest -->
